[0m14:45:14.893298 [debug] [MainThread]: Sending event: {'category': 'dbt', 'action': 'invocation', 'label': 'start', 'context': [<snowplow_tracker.self_describing_json.SelfDescribingJson object at 0x108660440>, <snowplow_tracker.self_describing_json.SelfDescribingJson object at 0x10b53fc50>, <snowplow_tracker.self_describing_json.SelfDescribingJson object at 0x10b53fb10>]}


============================== 14:45:14.895813 | 5349d2e4-0562-46f1-8ffa-416c8b6cb2cc ==============================
[0m14:45:14.895813 [info ] [MainThread]: Running with dbt=1.10.13
[0m14:45:14.896071 [debug] [MainThread]: running dbt with arguments {'send_anonymous_usage_stats': 'True', 'profiles_dir': '/Users/marc/.dbt', 'quiet': 'False', 'log_cache_events': 'False', 'indirect_selection': 'eager', 'empty': 'None', 'static_parser': 'True', 'use_colors': 'True', 'log_format': 'default', 'use_experimental_parser': 'False', 'cache_selected_only': 'False', 'printer_width': '80', 'fail_fast': 'False', 'introspect': 'True', 'invocation_command': 'dbt init rwa_dbt', 'warn_error_options': 'WarnErrorOptionsV2(error=[], warn=[], silence=[])', 'log_path': 'logs', 'write_json': 'True', 'no_print': 'None', 'partial_parse': 'True', 'target_path': 'None', 'warn_error': 'None', 'version_check': 'True', 'debug': 'False'}
[0m14:45:14.902823 [debug] [MainThread]: Starter project path: /Users/marc/Documents/algorand-rwa/.venv/lib/python3.13/site-packages/dbt/include/starter_project
[0m14:45:14.906253 [info ] [MainThread]: 
Your new dbt project "rwa_dbt" was created!

For more information on how to configure the profiles.yml file,
please consult the dbt documentation here:

  https://docs.getdbt.com/docs/configure-your-profile

One more thing:

Need help? Don't hesitate to reach out to us via GitHub issues or on Slack:

  https://community.getdbt.com/

Happy modeling!

[0m14:45:14.906420 [info ] [MainThread]: Setting up your profile.
[0m14:45:19.527485 [info ] [MainThread]: No sample profile found for clickhouse.
[0m14:45:19.529462 [debug] [MainThread]: Resource report: {"command_name": "init", "command_success": true, "command_wall_clock_time": 4.6636405, "process_in_blocks": "0", "process_kernel_time": 0.102063, "process_mem_max_rss": "110837760", "process_out_blocks": "0", "process_user_time": 0.580273}
[0m14:45:19.529792 [debug] [MainThread]: Command `dbt init` succeeded at 14:45:19.529720 after 4.66 seconds
[0m14:45:19.530035 [debug] [MainThread]: Sending event: {'category': 'dbt', 'action': 'invocation', 'label': 'end', 'context': [<snowplow_tracker.self_describing_json.SelfDescribingJson object at 0x10b593ce0>, <snowplow_tracker.self_describing_json.SelfDescribingJson object at 0x10b73b1d0>, <snowplow_tracker.self_describing_json.SelfDescribingJson object at 0x10b5ef240>]}
[0m14:45:19.530267 [debug] [MainThread]: Flushing usage events
[0m14:45:20.161131 [debug] [MainThread]: An error was encountered while trying to flush usage events
[0m15:22:17.423704 [debug] [MainThread]: Sending event: {'category': 'dbt', 'action': 'invocation', 'label': 'start', 'context': [<snowplow_tracker.self_describing_json.SelfDescribingJson object at 0x107a54440>, <snowplow_tracker.self_describing_json.SelfDescribingJson object at 0x108ae7c50>, <snowplow_tracker.self_describing_json.SelfDescribingJson object at 0x108ae7b10>]}


============================== 15:22:17.426294 | 00130038-e0ae-4dcb-8431-f2df95f950c7 ==============================
[0m15:22:17.426294 [info ] [MainThread]: Running with dbt=1.10.13
[0m15:22:17.426569 [debug] [MainThread]: running dbt with arguments {'write_json': 'True', 'profiles_dir': '/Users/marc/.dbt', 'partial_parse': 'True', 'use_colors': 'True', 'indirect_selection': 'eager', 'static_parser': 'True', 'empty': 'None', 'send_anonymous_usage_stats': 'True', 'debug': 'False', 'introspect': 'True', 'cache_selected_only': 'False', 'invocation_command': 'dbt debug', 'log_path': 'logs', 'target_path': 'None', 'warn_error_options': 'WarnErrorOptionsV2(error=[], warn=[], silence=[])', 'warn_error': 'None', 'fail_fast': 'False', 'log_cache_events': 'False', 'log_format': 'default', 'printer_width': '80', 'quiet': 'False', 'use_experimental_parser': 'False', 'version_check': 'True', 'no_print': 'None'}
[0m15:22:17.434851 [info ] [MainThread]: dbt version: 1.10.13
[0m15:22:17.435040 [info ] [MainThread]: python version: 3.13.2
[0m15:22:17.435159 [info ] [MainThread]: python path: /Users/marc/Documents/algorand-rwa/.venv/bin/python
[0m15:22:17.435369 [info ] [MainThread]: os info: macOS-15.0.1-arm64-arm-64bit-Mach-O
[0m15:22:17.461772 [info ] [MainThread]: Using profiles dir at /Users/marc/.dbt
[0m15:22:17.461994 [info ] [MainThread]: Using profiles.yml file at /Users/marc/.dbt/profiles.yml
[0m15:22:17.462112 [info ] [MainThread]: Using dbt_project.yml file at /Users/marc/Documents/algorand-rwa/dbt_project.yml
[0m15:22:17.462250 [error] [MainThread]: Encountered an error:
Internal Error
  Profile should not be None if loading profile completed
[0m15:22:17.463800 [debug] [MainThread]: Resource report: {"command_name": "debug", "command_success": false, "command_wall_clock_time": 0.06792525, "process_in_blocks": "0", "process_kernel_time": 0.103739, "process_mem_max_rss": "111542272", "process_out_blocks": "0", "process_user_time": 0.502772}
[0m15:22:17.464037 [debug] [MainThread]: Command `dbt debug` failed at 15:22:17.463990 after 0.07 seconds
[0m15:22:17.464181 [debug] [MainThread]: Sending event: {'category': 'dbt', 'action': 'invocation', 'label': 'end', 'context': [<snowplow_tracker.self_describing_json.SelfDescribingJson object at 0x108c36060>, <snowplow_tracker.self_describing_json.SelfDescribingJson object at 0x108c72d50>, <snowplow_tracker.self_describing_json.SelfDescribingJson object at 0x108b908d0>]}
[0m15:22:17.464337 [debug] [MainThread]: Flushing usage events
[0m15:22:18.042158 [debug] [MainThread]: An error was encountered while trying to flush usage events
